<?xml version="1.0" encoding="UTF-8"?>
<!-- Generated by org.testng.reporters.JUnitReportReporter -->
<testsuite hostname="DESKTOP-DN1410E" failures="0" tests="1" name="testCases.LeadCreation" time="46.586" errors="0" timestamp="2025-10-13T19:11:06 IST" skipped="0">
  <testcase classname="testCases.LeadCreation" name="LeadCreate" time="46.586"/>
</testsuite> <!-- testCases.LeadCreation -->
