<?xml version="1.0" encoding="UTF-8"?>
<!-- Generated by org.testng.reporters.JUnitReportReporter -->
<testsuite hostname="DESKTOP-DN1410E" failures="0" tests="2" name="testCases.TC03_AadharSeedingDeesing" time="93.909" errors="0" timestamp="2025-06-19T11:31:09 IST" skipped="0">
  <testcase classname="testCases.TC03_AadharSeedingDeesing" name="AadharSeeding" time="54.911"/>
  <testcase classname="testCases.TC03_AadharSeedingDeesing" name="AadharDeSeeding" time="38.998"/>
</testsuite> <!-- testCases.TC03_AadharSeedingDeesing -->
