<?xml version="1.0" encoding="UTF-8"?>
<!-- Generated by org.testng.reporters.JUnitReportReporter -->
<testsuite hostname="DESKTOP-DN1410E" failures="0" tests="1" name="testCases.IAO_Continue_Customer_Creation" time="26.429" errors="0" timestamp="2025-05-21T18:30:36 IST" skipped="0">
  <testcase classname="testCases.IAO_Continue_Customer_Creation" name="Ekyc_Enrollment" time="26.429"/>
</testsuite> <!-- testCases.IAO_Continue_Customer_Creation -->
