<?xml version="1.0" encoding="UTF-8"?>
<!-- Generated by org.testng.reporters.JUnitReportReporter -->
<testsuite hostname="DESKTOP-DN1410E" failures="0" tests="1" name="testCases.LeadCreation" time="50.214" errors="0" timestamp="2025-10-30T16:53:39 IST" skipped="0">
  <testcase classname="testCases.LeadCreation" name="LeadCreate" time="50.214"/>
</testsuite> <!-- testCases.LeadCreation -->
