<?xml version="1.0" encoding="UTF-8"?>
<!-- Generated by org.testng.reporters.JUnitReportReporter -->
<testsuite hostname="DESKTOP-DN1410E" failures="0" tests="1" name="testCases.AccountOpening" time="64.677" errors="0" timestamp="2025-04-09T18:50:48 IST" skipped="0">
  <testcase classname="testCases.AccountOpening" name="Ekyc_Enrollment" time="64.677"/>
</testsuite> <!-- testCases.AccountOpening -->
