<?xml version="1.0" encoding="UTF-8"?>
<!-- Generated by org.testng.reporters.JUnitReportReporter -->
<testsuite hostname="DESKTOP-DN1410E" failures="0" tests="2" name="testCases.TC03_AadharSeedingDeesing" time="73.831" errors="0" timestamp="2025-06-10T11:23:58 IST" skipped="0">
  <testcase classname="testCases.TC03_AadharSeedingDeesing" name="AadharDeSeeding" time="41.226"/>
  <testcase classname="testCases.TC03_AadharSeedingDeesing" name="AadharSeeding" time="32.605"/>
</testsuite> <!-- testCases.TC03_AadharSeedingDeesing -->
