<?xml version="1.0" encoding="UTF-8"?>
<!-- Generated by org.testng.reporters.JUnitReportReporter -->
<testsuite hostname="DESKTOP-DN1410E" failures="0" tests="2" name="testCases.TC03_AadharSeedingDeesing" time="67.955" errors="0" timestamp="2025-06-05T15:03:20 IST" skipped="0">
  <testcase classname="testCases.TC03_AadharSeedingDeesing" name="AadharDeSeeding" time="36.283"/>
  <testcase classname="testCases.TC03_AadharSeedingDeesing" name="AadharSeeding" time="31.672"/>
</testsuite> <!-- testCases.TC03_AadharSeedingDeesing -->
