<?xml version="1.0" encoding="UTF-8"?>
<!-- Generated by org.testng.reporters.JUnitReportReporter -->
<testsuite hostname="DESKTOP-DN1410E" failures="0" tests="1" name="testCases.TC02_ChequeBookIssuance" time="23.781" errors="0" timestamp="2025-04-09T11:45:40 IST" skipped="0">
  <testcase classname="testCases.TC02_ChequeBookIssuance" name="Cheque_Book_Issue" time="23.781"/>
</testsuite> <!-- testCases.TC02_ChequeBookIssuance -->
