<?xml version="1.0" encoding="UTF-8"?>
<!-- Generated by org.testng.reporters.JUnitReportReporter -->
<testsuite hostname="DESKTOP-DN1410E" failures="0" tests="1" name="testCases.LeadCreation" time="8032.625" errors="0" timestamp="2025-10-13T15:46:56 IST" skipped="0">
  <testcase classname="testCases.LeadCreation" name="LeadCreate" time="8032.625"/>
</testsuite> <!-- testCases.LeadCreation -->
